\BOOKMARK [1][-]{section.1}{问题背景}{}% 1
\BOOKMARK [1][-]{section.2}{设计目标描述}{}% 2
\BOOKMARK [1][-]{section.3}{单词查询}{}% 3
\BOOKMARK [2][-]{subsection.3.1}{数据视角}{section.3}% 4
\BOOKMARK [1][-]{section.4}{用户编辑}{}% 5
\BOOKMARK [1][-]{section.5}{背单词}{}% 6
\BOOKMARK [2][-]{subsection.5.1}{词汇量统计方法}{section.5}% 7
\BOOKMARK [2][-]{subsection.5.2}{用户词汇量测量方法}{section.5}% 8
\BOOKMARK [2][-]{subsection.5.3}{具体实施步骤}{section.5}% 9
\BOOKMARK [2][-]{subsection.5.4}{单词抽样方法}{section.5}% 10
\BOOKMARK [2][-]{subsection.5.5}{Score算法}{section.5}% 11
\BOOKMARK [3][-]{subsubsection.5.5.1}{算法描述}{subsection.5.5}% 12
\BOOKMARK [3][-]{subsubsection.5.5.2}{精度分析}{subsection.5.5}% 13
\BOOKMARK [1][-]{section.6}{致谢}{}% 14
\BOOKMARK [1][-]{appendix.A}{实现细节}{}% 15
\BOOKMARK [2][-]{subsection.A.1}{基本信息}{appendix.A}% 16
\BOOKMARK [2][-]{subsection.A.2}{单词格式定义}{appendix.A}% 17
\BOOKMARK [3][-]{subsubsection.A.2.1}{名词格式定义}{subsection.A.2}% 18
\BOOKMARK [3][-]{subsubsection.A.2.2}{动词格式定义}{subsection.A.2}% 19
\BOOKMARK [2][-]{subsection.A.3}{定义选项}{appendix.A}% 20
\BOOKMARK [2][-]{subsection.A.4}{在线编辑词条功能的实现细节}{appendix.A}% 21
\BOOKMARK [1][-]{appendix.B}{Second\040Appendix}{}% 22
\BOOKMARK [2][-]{subsection.B.1}{JML}{appendix.B}% 23
\BOOKMARK [2][-]{subsection.B.2}{CML}{appendix.B}% 24
\BOOKMARK [2][-]{subsection.B.3}{安全概率}{appendix.B}% 25
\BOOKMARK [2][-]{subsection.B.4}{能力参数满足的方程}{appendix.B}% 26
\BOOKMARK [2][-]{subsection.B.5}{Rasch模型Fisher信息量}{appendix.B}% 27
\BOOKMARK [2][-]{subsection.B.6}{Rasch模型Bias数值计算}{appendix.B}% 28
